		---------------------------------------------
		           1D Boundary Value Program         
		         Finite Elements for Engineers       
		          (c) 1998-2022, S. D. Rajan         
		              Version: 3.4. Rev: 3
		---------------------------------------------

		Date: 03/05/25. Time: 04:49 PM



          DETAILS OF FINITE ELEMENT MODEL
          -------------------------------
               Number of Nodes: 5
            Number of Elements: 4

                                  Nodal Data
                           -------------------------
                           Node      X Coor         
                           -------------------------
                           1         0              
                           2         2.5            
                           3         5              
                           4         7.5            
                           5         10             
                           

                           Nodal Boundary Conditions
               --------------------------------------------------
               Node      BC        Value 1        Value 2        
               --------------------------------------------------
               1         EBC       0                             
               5         NBC       0                             
               

                              Applied Nodal Flux
                           -------------------------
                           Node      Flux           
                           -------------------------
                           

                                 Element Data
       -----------------------------------------------------------------
       Element   Type           Int. Order     List of Nodes ...                    
       -----------------------------------------------------------------
       1         C0-Linear      2              1    2                   
       2         C0-Linear      2              2    3                   
       3         C0-Linear      2              3    4                   
       4         C0-Linear      2              4    5                   
       

                               Element Properties
     ----------------------------------------------------------------------
     Element   Qty            x**2           x              constant       
     ----------------------------------------------------------------------
     1         Alpha          0              0              1.5e+07        
               Beta           0              0              0              
               f              0              0              5              
     2         Alpha          0              0              1.5e+07        
               Beta           0              0              0              
               f              0              0              5              
     3         Alpha          0              0              1.5e+07        
               Beta           0              0              0              
               f              0              0              5              
     4         Alpha          0              0              1.5e+07        
               Beta           0              0              0              
               f              0              0              5              
     

                                  Nodal Values
                    ----------------------------------------
                    Node      Location       Value          
                    ----------------------------------------
                    1         0              0              
                    2         2.5            7.29167e-06    
                    3         5              1.25e-05       
                    4         7.5            1.5625e-05     
                    5         10             1.66667e-05    
                    
                    Min. Nodal Value = 0
                 Min. Nodal Location = 0
                    Max. Nodal Value = 1.66667e-05
                 Max. Nodal Location = 10

                                  Element Flux
                    ----------------------------------------
                    Element   Location       Flux           
                    ----------------------------------------
                    1         1.25           -43.75         
                    2         3.75           -31.25         
                    3         6.25           -18.75         
                    4         8.75           -6.25          
                    
                    Min. Element Flux = -43.75
                   Min. Flux Location = 1.25
                    Max. Element Flux = -6.25
                   Max. Flux Location = 8.75