		---------------------------------------------
		           1D Boundary Value Program         
		         Finite Elements for Engineers       
		          (c) 1998-2022, S. D. Rajan         
		              Version: 3.4. Rev: 3
		---------------------------------------------

		Date: 03/05/25. Time: 04:52 PM



          DETAILS OF FINITE ELEMENT MODEL
          -------------------------------
               Number of Nodes: 4
            Number of Elements: 3

                                  Nodal Data
                           -------------------------
                           Node      X Coor         
                           -------------------------
                           1         0              
                           2         0.3            
                           3         0.45           
                           4         0.6            
                           

                           Nodal Boundary Conditions
               --------------------------------------------------
               Node      BC        Value 1        Value 2        
               --------------------------------------------------
               1         MIXED     -25            20000          
               4         EBC       20                            
               

                              Applied Nodal Flux
                           -------------------------
                           Node      Flux           
                           -------------------------
                           

                                 Element Data
       -----------------------------------------------------------------
       Element   Type           Int. Order     List of Nodes ...                    
       -----------------------------------------------------------------
       1         C0-Linear      2              1    2                   
       2         C0-Linear      2              2    3                   
       3         C0-Linear      2              3    4                   
       

                               Element Properties
     ----------------------------------------------------------------------
     Element   Qty            x**2           x              constant       
     ----------------------------------------------------------------------
     1         Alpha          0              0              20             
               Beta           0              0              0              
               f              0              0              0              
     2         Alpha          0              0              30             
               Beta           0              0              0              
               f              0              0              0              
     3         Alpha          0              0              50             
               Beta           0              0              0              
               f              0              0              0              
     

                                  Nodal Values
                    ----------------------------------------
                    Node      Location       Value          
                    ----------------------------------------
                    1         0              304.762        
                    2         0.3            119.048        
                    3         0.45           57.1429        
                    4         0.6            20             
                    
                    Min. Nodal Value = 20
                 Min. Nodal Location = 0.6
                    Max. Nodal Value = 304.762
                 Max. Nodal Location = 0

                                  Element Flux
                    ----------------------------------------
                    Element   Location       Flux           
                    ----------------------------------------
                    1         0.15           12381          
                    2         0.375          12381          
                    3         0.525          12381          
                    
                    Min. Element Flux = 12381
                   Min. Flux Location = 0.15
                    Max. Element Flux = 12381
                   Max. Flux Location = 0.15