		---------------------------------------------
		           1D Boundary Value Program         
		         Finite Elements for Engineers       
		          (c) 1998-2022, S. D. Rajan         
		              Version: 3.4. Rev: 3
		---------------------------------------------

		Date: 03/05/25. Time: 04:54 PM



          DETAILS OF FINITE ELEMENT MODEL
          -------------------------------
               Number of Nodes: 9
            Number of Elements: 4

                                  Nodal Data
                           -------------------------
                           Node      X Coor         
                           -------------------------
                           1         0              
                           2         0.125          
                           3         0.25           
                           4         0.375          
                           5         0.5            
                           6         0.625          
                           7         0.75           
                           8         0.875          
                           9         1              
                           

                           Nodal Boundary Conditions
               --------------------------------------------------
               Node      BC        Value 1        Value 2        
               --------------------------------------------------
               1         EBC       0                             
               9         NBC       0                             
               

                              Applied Nodal Flux
                           -------------------------
                           Node      Flux           
                           -------------------------
                           

                                 Element Data
       -----------------------------------------------------------------
       Element   Type           Int. Order     List of Nodes ...                    
       -----------------------------------------------------------------
       1         C0-Quadratic   4              1    2    3              
       2         C0-Quadratic   4              3    4    5              
       3         C0-Quadratic   4              5    6    7              
       4         C0-Quadratic   4              7    8    9              
       

                               Element Properties
     ----------------------------------------------------------------------
     Element   Qty            x**2           x              constant       
     ----------------------------------------------------------------------
     1         Alpha          0              0              2e+10          
               Beta           0              0              0              
               f              0              0              -7700.85       
     2         Alpha          0              0              2e+10          
               Beta           0              0              0              
               f              0              0              -7700.85       
     3         Alpha          0              0              2e+10          
               Beta           0              0              0              
               f              0              0              -7700.85       
     4         Alpha          0              0              2e+10          
               Beta           0              0              0              
               f              0              0              -7700.85       
     

                                  Nodal Values
                    ----------------------------------------
                    Node      Location       Value          
                    ----------------------------------------
                    1         0              0              
                    2         0.125          -4.51222e-08   
                    3         0.25           -8.4228e-08    
                    4         0.375          -1.17318e-07   
                    5         0.5            -1.44391e-07   
                    6         0.625          -1.65448e-07   
                    7         0.75           -1.80489e-07   
                    8         0.875          -1.89513e-07   
                    9         1              -1.92521e-07   
                    
                    Min. Nodal Value = -1.92521e-07
                 Min. Nodal Location = 1
                    Max. Nodal Value = 0
                 Max. Nodal Location = 0

                                  Element Flux
                    ----------------------------------------
                    Element   Location       Flux           
                    ----------------------------------------
                    1         0.0528312      7294           
                              0.197169       6182.48        
                    2         0.302831       5368.79        
                              0.447169       4257.27        
                    3         0.552831       3443.58        
                              0.697169       2332.06        
                    4         0.802831       1518.37        
                              0.947169       406.847        
                    
                    Min. Element Flux = 406.847
                   Min. Flux Location = 0.947169
                    Max. Element Flux = 7294
                   Max. Flux Location = 0.0528312