		---------------------------------------------
		           1D Boundary Value Program         
		         Finite Elements for Engineers       
		          (c) 1998-2022, S. D. Rajan         
		              Version: 3.4. Rev: 3
		---------------------------------------------

		Date: 03/05/25. Time: 05:26 PM



          DETAILS OF FINITE ELEMENT MODEL
          -------------------------------
               Number of Nodes: 9
            Number of Elements: 4

                                  Nodal Data
                           -------------------------
                           Node      X Coor         
                           -------------------------
                           1         0              
                           2         0.125          
                           3         0.25           
                           4         0.375          
                           5         0.5            
                           6         0.625          
                           7         0.75           
                           8         0.875          
                           9         1              
                           

                           Nodal Boundary Conditions
               --------------------------------------------------
               Node      BC        Value 1        Value 2        
               --------------------------------------------------
               1         NBC       0                             
               9         NBC       0                             
               

                        User Applied Concentrated Flux
            -------------------------------------------------------
            Location  Applied Flux   Nearest Node   Dist. Error    
            -------------------------------------------------------
            0.25      1000           3              0              
            

                              Applied Nodal Flux
                           -------------------------
                           Node      Flux           
                           -------------------------
                           3         1000           
                           

                                 Element Data
       -----------------------------------------------------------------
       Element   Type           Int. Order     List of Nodes ...                    
       -----------------------------------------------------------------
       1         C0-Quadratic   4              1    2    3              
       2         C0-Quadratic   4              3    4    5              
       3         C0-Quadratic   4              5    6    7              
       4         C0-Quadratic   4              7    8    9              
       

                               Element Properties
     ----------------------------------------------------------------------
     Element   Qty            x**2           x              constant       
     ----------------------------------------------------------------------
     1         Alpha          0              0              2e+10          
               Beta           0              0              0              
               f              0              0              -7700.85       
     2         Alpha          0              0              2e+10          
               Beta           0              0              0              
               f              0              0              -7700.85       
     3         Alpha          0              0              2e+10          
               Beta           0              0              0              
               f              0              0              -7700.85       
     4         Alpha          0              0              2e+10          
               Beta           0              0              0              
               f              0              0              -7700.85       
     

                                  Nodal Values
                    ----------------------------------------
                    Node      Location       Value          
                    ----------------------------------------
                    1         0              -1.82978e+07   
                    2         0.125          -1.82978e+07   
                    3         0.25           -1.82978e+07   
                    4         0.375          -1.82978e+07   
                    5         0.5            -1.82978e+07   
                    6         0.625          -1.82978e+07   
                    7         0.75           -1.82978e+07   
                    8         0.875          -1.82978e+07   
                    9         1              -1.82978e+07   
                    
                    Min. Nodal Value = -1.82978e+07
                 Min. Nodal Location = 0
                    Max. Nodal Value = -1.82978e+07
                 Max. Nodal Location = 0

                                  Element Flux
                    ----------------------------------------
                    Element   Location       Flux           
                    ----------------------------------------
                    1         0.0528312      409.782        
                              0.197169       -596.046       
                    2         0.302831       409.782        
                              0.447169       -596.046       
                    3         0.552831       409.782        
                              0.697169       -596.046       
                    4         0.802831       409.782        
                              0.947169       -596.046       
                    
                    Min. Element Flux = -596.046
                   Min. Flux Location = 0.197169
                    Max. Element Flux = 409.782
                   Max. Flux Location = 0.0528312