				   1D Boundary Value Program		 
				 Finite Elements for Engineers	   
				  (c) 2025, S. CSYH				  
					  Version: 1.0. Rev: 1		   
		---------------------------------------------

		  DETAILS OF FINITE ELEMENT MODEL
		  -------------------------------
			   Number of Nodes: 9
			Number of Elements: 4

								  Nodal Data
						   -------------------------
						   Node	  X Coor		 
						   -------------------------
						   1                   0
						   2                   0.125
						   3                   0.25
						   4                   0.375
						   5                   0.5
						   6                   0.625
						   7                   0.75
						   8                   0.875
						   9                   1

						   Nodal Boundary Conditions
			   --------------------------------------------------
			   Node	  BC		Value 1		Value 2		
			   --------------------------------------------------
				1         NBC                          0              
				1         NBC                          0              

							  Applied Nodal Flux
						   -------------------------
						   Node	  Flux		   
						   -------------------------
						   3		 1000			  

								 Element Data
	   -----------------------------------------------------------------
	   Element   Type		   Int. Order	 List of Nodes ...		
	   -----------------------------------------------------------------
	   1		 C0-Quadratic   3			  1	2	3	
	   2		 C0-Quadratic   3			  3	4	5	
	   3		 C0-Quadratic   3			  5	6	7	
	   4		 C0-Quadratic   3			  7	8	9	

							   Element Properties
	 ----------------------------------------------------------------------
	 Element   Qty			x**2		   x			  constant	   
	 ----------------------------------------------------------------------
	1		  Alpha			0			  0			  2e+10
			   Beta			 0			  0			  0
			   f			 0			  0			  -7700.85
	2		  Alpha			0			  0			  2e+10
			   Beta			 0			  0			  0
			   f			 0			  0			  -7700.85
	3		  Alpha			0			  0			  2e+10
			   Beta			 0			  0			  0
			   f			 0			  0			  -7700.85
	4		  Alpha			0			  0			  2e+10
			   Beta			 0			  0			  0
			   f			 0			  0			  -7700.85

								  Nodal Values
					----------------------------------------
					Node	  Location	   Value		  
					----------------------------------------
					1			 0				4.39147e+07		  
					2			 0.125				4.39147e+07		  
					3			 0.25				4.39147e+07		  
					4			 0.375				4.39147e+07		  
					5			 0.5				4.39147e+07		  
					6			 0.625				4.39147e+07		  
					7			 0.75				4.39147e+07		  
					8			 0.875				4.39147e+07		  
					9			 1				4.39147e+07		  

					Max and Min Nodal Values
					----------------------------------------
					Min Nodal Value: 4.39147e+07 at Node 0.875
					Max Nodal Value: 4.39147e+07 at Node 0
					----------------------------------------

								  Element Flux
					----------------------------------------
					Element   Location	   Flux		   
					----------------------------------------
					1			   0.0625			  1788.14		  
					2			   0.1875			  596.046		  
					3			   0.3125			  596.046		  
					4			   0.4375			  -0		  

					Max and Min Flux Values
					----------------------------------------
					Min Flux: 1.061e-313 at Location 0.375
					Max Flux: 1788.14 at Location 0
					----------------------------------------


Error Measures:
----------------------------------------
Absolute Error (||R||): 4858.58
Relative Error (||R|| / ||F||): 1.74557
----------------------------------------
						  System Stiffness Matrix
					--------------------------------
1.86667e+11     -2.13333e+11    2.66667e+10     0               0               0               0               0               0               
-2.13333e+11    4.26667e+11     -2.13333e+11    0               0               0               0               0               0               
2.66667e+10     -2.13333e+11    3.73333e+11     -2.13333e+11    2.66667e+10     0               0               0               0               
0               0               -2.13333e+11    4.26667e+11     -2.13333e+11    0               0               0               0               
0               0               2.66667e+10     -2.13333e+11    3.73333e+11     -2.13333e+11    2.66667e+10     0               0               
0               0               0               0               -2.13333e+11    4.26667e+11     -2.13333e+11    0               0               
0               0               0               0               2.66667e+10     -2.13333e+11    3.73333e+11     -2.13333e+11    2.66667e+10     
0               0               0               0               0               0               -2.13333e+11    4.26667e+11     -2.13333e+11    
0               0               0               0               0               0               2.66667e+10     -2.13333e+11    1.86667e+11     

						  System Load Vector
					--------------------------------
-320.869       
-1283.48       
358.262        
-1283.48       
-641.738       
-1283.48       
-641.738       
-1283.48       
-320.869       

						  Element Stiffness Matrix 1
					--------------------------------
1.86667e+11    -2.13333e+11   2.66667e+10    
-2.13333e+11   4.26667e+11    -2.13333e+11   
2.66667e+10    -2.13333e+11   1.86667e+11    
						  Element Stiffness Vector 1
					--------------------------------
-320.869
-1283.48
-320.869						  Element Stiffness Matrix 2
					--------------------------------
1.86667e+11    -2.13333e+11   2.66667e+10    
-2.13333e+11   4.26667e+11    -2.13333e+11   
2.66667e+10    -2.13333e+11   1.86667e+11    
						  Element Stiffness Vector 2
					--------------------------------
-320.869
-1283.48
-320.869						  Element Stiffness Matrix 3
					--------------------------------
1.86667e+11    -2.13333e+11   2.66667e+10    
-2.13333e+11   4.26667e+11    -2.13333e+11   
2.66667e+10    -2.13333e+11   1.86667e+11    
						  Element Stiffness Vector 3
					--------------------------------
-320.869
-1283.48
-320.869						  Element Stiffness Matrix 4
					--------------------------------
1.86667e+11    -2.13333e+11   2.66667e+10    
-2.13333e+11   4.26667e+11    -2.13333e+11   
2.66667e+10    -2.13333e+11   1.86667e+11    
						  Element Stiffness Vector 4
					--------------------------------
-320.869
-1283.48
-320.869