		---------------------------------------------
		           1D Boundary Value Program         
		         Finite Elements for Engineers       
		          (c) 1998-2022, S. D. Rajan         
		              Version: 3.4. Rev: 3
		---------------------------------------------

		Date: 03/05/25. Time: 05:34 PM



          DETAILS OF FINITE ELEMENT MODEL
          -------------------------------
               Number of Nodes: 7
            Number of Elements: 4

                                  Nodal Data
                           -------------------------
                           Node      X Coor         
                           -------------------------
                           1         0              
                           2         0.0833335      
                           3         0.166667       
                           4         0.229167       
                           5         0.291667       
                           6         0.354167       
                           7         0.416667       
                           

                           Nodal Boundary Conditions
               --------------------------------------------------
               Node      BC        Value 1        Value 2        
               --------------------------------------------------
               1         EBC       150                           
               7         NBC       0                             
               

                              Applied Nodal Flux
                           -------------------------
                           Node      Flux           
                           -------------------------
                           

                                 Element Data
       -----------------------------------------------------------------
       Element   Type           Int. Order     List of Nodes ...                    
       -----------------------------------------------------------------
       1         C0-Linear      2              1    2                   
       2         C0-Linear      2              2    3                   
       3         C0-Quadratic   4              3    4    5              
       4         C0-Quadratic   4              5    6    7              
       

                               Element Properties
     ----------------------------------------------------------------------
     Element   Qty            x**2           x              constant       
     ----------------------------------------------------------------------
     1         Alpha          0              0              0.0132093      
               Beta           0              0              0.490874       
               f              0              0              39.2699        
     2         Alpha          0              0              0.0132093      
               Beta           0              0              0.490874       
               f              0              0              39.2699        
     3         Alpha          0              0              0.0132093      
               Beta           0              0              0.490874       
               f              0              0              39.2699        
     4         Alpha          0              0              0.0132093      
               Beta           0              0              0.490874       
               f              0              0              39.2699        
     

                                  Nodal Values
                    ----------------------------------------
                    Node      Location       Value          
                    ----------------------------------------
                    1         0              150            
                    2         0.0833335      122.386        
                    3         0.166667       106.202        
                    4         0.229167       98.8257        
                    5         0.291667       94.2219        
                    6         0.354167       91.7004        
                    7         0.416667       90.9023        
                    
                    Min. Nodal Value = 90.9023
                 Min. Nodal Location = 0.416667
                    Max. Nodal Value = 150
                 Max. Nodal Location = 0

                                  Element Flux
                    ----------------------------------------
                    Element   Location       Flux           
                    ----------------------------------------
                    1         0.0416667      4.37709        
                    2         0.125          2.56531        
                    3         0.193083       1.60441        
                              0.265251       0.92767        
                    4         0.318083       0.561104       
                              0.390251       0.140502       
                    
                    Min. Element Flux = 0.140502
                   Min. Flux Location = 0.390251
                    Max. Element Flux = 4.37709
                   Max. Flux Location = 0.0416667