				   1D Boundary Value Program		 
				 Finite Elements for Engineers	   
				  (c) 2025, S. CSYH				  
					  Version: 1.0. Rev: 1		   
		---------------------------------------------

		  DETAILS OF FINITE ELEMENT MODEL
		  -------------------------------
			   Number of Nodes: 4
			Number of Elements: 3

								  Nodal Data
						   -------------------------
						   Node	  X Coor		 
						   -------------------------
						   1                   0
						   2                   0.15
						   3                   0.3
						   4                   0.6

						   Nodal Boundary Conditions
			   --------------------------------------------------
			   Node	  BC		Value 1		Value 2		
			   --------------------------------------------------
				1         EBC           0                             
				1         EBC           0                             

							  Applied Nodal Flux
						   -------------------------
						   Node	  Flux		   
						   -------------------------
						   2		 300000			  

								 Element Data
	   -----------------------------------------------------------------
	   Element   Type		   Int. Order	 List of Nodes ...		
	   -----------------------------------------------------------------
	   1		 C0-Linear	  2			  1	2	
	   2		 C0-Linear	  2			  2	3	
	   3		 C0-Linear	  2			  3	4	

							   Element Properties
	 ----------------------------------------------------------------------
	 Element   Qty			x**2		   x			  constant	   
	 ----------------------------------------------------------------------
	1		  Alpha		  0			  0			  5e+07		  
			   Beta			 0			  0			  0		  
			   f					0			  0			  0		  
	2		  Alpha		  0			  0			  5e+07		  
			   Beta			 0			  0			  0		  
			   f					0			  0			  0		  
	3		  Alpha		  0			  0			  8e+07		  
			   Beta			 0			  0			  0		  
			   f					0			  0			  0		  

								  Nodal Values
					----------------------------------------
					Node	  Location	   Value		  
					----------------------------------------
					1			 0				0		  
					2			 0.15				0.000623077		  
					3			 0.3				0.000346154		  
					4			 0.6				0		  

								  Element Flux
					----------------------------------------
					Element   Location	   Flux		   
					----------------------------------------
					1			   0			  -207692		  
					2			   0.15			  92307.7		  
					3			   0.3			  92307.7		  

						  System Stiffness Matrix
					--------------------------------
3.33333e+08     -3.33333e+08    0               0               
-3.33333e+08    6.66667e+08     -3.33333e+08    0               
0               -3.33333e+08    6e+08           -2.66667e+08    
0               0               -2.66667e+08    2.66667e+08     

						  System Load Vector
					--------------------------------
0              
300000         
0              
0              

						  Element Stiffness Matrix 1
					--------------------------------
3.33333e+08    3.33333e+08    
-3.33333e+08   -3.33333e+08   
						  Element Stiffness Vector 1
					--------------------------------
0
0
						  Element Stiffness Matrix 2
					--------------------------------
3.33333e+08    3.33333e+08    
-3.33333e+08   -3.33333e+08   
						  Element Stiffness Vector 2
					--------------------------------
0
0
						  Element Stiffness Matrix 3
					--------------------------------
2.66667e+08    2.66667e+08    
-2.66667e+08   -2.66667e+08   
						  Element Stiffness Vector 3
					--------------------------------
0
0
