				   1D Boundary Value Program		 
				 Finite Elements for Engineers	   
				  (c) 2025, S. CSYH				  
					  Version: 1.0. Rev: 1		   
		---------------------------------------------

		  DETAILS OF FINITE ELEMENT MODEL
		  -------------------------------
			   Number of Nodes: 11
			Number of Elements: 8

								  Nodal Data
						   -------------------------
						   Node	  X Coor		 
						   -------------------------
						   1                   0
						   2                   10
						   3                   20
						   4                   30
						   5                   40
						   6                   50
						   7                   60
						   8                   70
						   9                   80
						   10                  90
						   11                  100

						   Nodal Boundary Conditions
			   --------------------------------------------------
			   Node	  BC		Value 1		Value 2		
			   --------------------------------------------------
				1         EBC           0                             
				1         EBC           0                             

							  Applied Nodal Flux
						   -------------------------
						   Node	  Flux		   
						   -------------------------
						   6		 -1000			  

								 Element Data
	   -----------------------------------------------------------------
	   Element   Type		   Int. Order	 List of Nodes ...		
	   -----------------------------------------------------------------
	   1		 C0-Linear	  2			  1	2	
	   2		 C0-Linear	  2			  2	3	
	   3		 C0-Linear	  2			  3	4	
	   4		 C0-Linear	  2			  4	5	
	   5		 C0-Linear	  2			  5	6	
	   6		 C0-Linear	  2			  6	7	
	   7		 C0-Quadratic   3			  7	8	9	
	   8		 C0-Quadratic   3			  9	10	11	

							   Element Properties
	 ----------------------------------------------------------------------
	 Element   Qty			x**2		   x			  constant	   
	 ----------------------------------------------------------------------
	1		  Alpha			0			  0			  1.5e+07
			   Beta			 0			  0			  0
			   f			 0			  0			  100
	2		  Alpha			0			  0			  1.5e+07
			   Beta			 0			  0			  0
			   f			 0			  0			  100
	3		  Alpha			0			  0			  1.5e+07
			   Beta			 0			  0			  0
			   f			 0			  0			  100
	4		  Alpha			0			  0			  1.5e+07
			   Beta			 0			  0			  0
			   f			 0			  0			  100
	5		  Alpha			0			  0			  1.5e+07
			   Beta			 0			  0			  0
			   f			 0			  0			  100
	6		  Alpha			0			  0			  1.5e+07
			   Beta			 0			  0			  0
			   f			 0			  0			  100
	7		  Alpha			0			  0			  1.5e+07
			   Beta			 0			  0			  0
			   f			 0			  0			  100
	8		  Alpha			0			  0			  1.5e+07
			   Beta			 0			  0			  0
			   f			 0			  0			  100

								  Nodal Values
					----------------------------------------
					Node	  Location	   Value		  
					----------------------------------------
					1			 0				0		  
					2			 10				0.00266667		  
					3			 20				0.00466667		  
					4			 30				0.006		  
					5			 40				0.00666667		  
					6			 50				0.00666667		  
					7			 60				0.00666667		  
					8			 70				0.006		  
					9			 80				0.00466667		  
					10			 90				0.00266667		  
					11			 100				0		  

					Max and Min Nodal Values
					----------------------------------------
					Min Nodal Value: 0 at Node 0
					Max Nodal Value: 0.00666667 at Node 40
					----------------------------------------

								  Element Flux
					----------------------------------------
					Element   Location	   Flux		   
					----------------------------------------
					1			   5			  -4000		  
					2			   15			  -3000		  
					3			   25			  -2000		  
					4			   35			  -1000		  
					5			   45			  -0		  
					6			   55			  -0		  
					7			   65			  500		  
					8			   75			  1000		  

					Max and Min Flux Values
					----------------------------------------
					Min Flux: -4000 at Location 0
					Max Flux: 500 at Location 70
					----------------------------------------


Error Measures:
----------------------------------------
Absolute Error (||R||): 7475.89
Relative Error (||R|| / ||F||): 2.53537
----------------------------------------
