				   1D Boundary Value Program		 
				 Finite Elements for Engineers	   
				  (c) 2025, S. CSYH				  
					  Version: 1.0. Rev: 1		   
		---------------------------------------------

		  DETAILS OF FINITE ELEMENT MODEL
		  -------------------------------
			   Number of Nodes: 9
			Number of Elements: 4

								  Nodal Data
						   -------------------------
						   Node	  X Coor		 
						   -------------------------
						   1                   0
						   2                   0.125
						   3                   0.25
						   4                   0.375
						   5                   0.5
						   6                   0.625
						   7                   0.75
						   8                   0.875
						   9                   1

						   Nodal Boundary Conditions
			   --------------------------------------------------
			   Node	  BC		Value 1		Value 2		
			   --------------------------------------------------
				1         NBC                          0              
				1         NBC                          0              

							  Applied Nodal Flux
						   -------------------------
						   Node	  Flux		   
						   -------------------------
						   3		 1000			  

								 Element Data
	   -----------------------------------------------------------------
	   Element   Type		   Int. Order	 List of Nodes ...		
	   -----------------------------------------------------------------
	   1		 C0-Quadratic   3			  1	2	3	
	   2		 C0-Quadratic   3			  3	4	5	
	   3		 C0-Quadratic   3			  5	6	7	
	   4		 C0-Quadratic   3			  7	8	9	

							   Element Properties
	 ----------------------------------------------------------------------
	 Element   Qty			x**2		   x			  constant	   
	 ----------------------------------------------------------------------
	1		  Alpha			0			  0			  2e+10
			   Beta			 0			  0			  0
			   f			 0			  0			  -7700.85
	2		  Alpha			0			  0			  2e+10
			   Beta			 0			  0			  0
			   f			 0			  0			  -7700.85
	3		  Alpha			0			  0			  2e+10
			   Beta			 0			  0			  0
			   f			 0			  0			  -7700.85
	4		  Alpha			0			  0			  2e+10
			   Beta			 0			  0			  0
			   f			 0			  0			  -7700.85

								  Nodal Values
					----------------------------------------
					Node	  Location	   Value		  
					----------------------------------------
					1			 0				4.39147e+07		  
					2			 0.125				4.39147e+07		  
					3			 0.25				4.39147e+07		  
					4			 0.375				4.39147e+07		  
					5			 0.5				4.39147e+07		  
					6			 0.625				4.39147e+07		  
					7			 0.75				4.39147e+07		  
					8			 0.875				4.39147e+07		  
					9			 1				4.39147e+07		  

					Max and Min Nodal Values
					----------------------------------------
					Min Nodal Value: 0 at Node 0
					Max Nodal Value: 0 at Node 0
					----------------------------------------

								  Element Flux
					----------------------------------------
					Element   Location	   Flux		   
					----------------------------------------
					1-1		   0.0528312			  0		  
					1-2		   0.197169			  0		  
					2-1		   0.302831			  0		  
					2-2		   0.447169			  0		  
					3-1		   0.552831			  0		  
					3-2		   0.697169			  0		  
					4-1		   0.802831			  0		  
					4-2		   0.947169			  0		  

					Max and Min Flux Values
					----------------------------------------
					Min Flux: 0 at Location 0.0528312
					Max Flux: 0 at Location 0.0528312
					----------------------------------------

Error Measures:
----------------------------------------
Absolute Error (||R||): 4858.58
Relative Error (||R|| / ||F||): 1.74557
----------------------------------------
