				   1D Boundary Value Program		 
				 Finite Elements for Engineers	   
				  (c) 2025, S. CSYH				  
					  Version: 1.0. Rev: 1		   
		---------------------------------------------

		  DETAILS OF FINITE ELEMENT MODEL
		  -------------------------------
			   Number of Nodes: 7
			Number of Elements: 4

								  Nodal Data
						   -------------------------
						   Node	  X Coor		 
						   -------------------------
						   1                   0
						   2                   0.0833333
						   3                   0.166667
						   4                   0.229167
						   5                   0.291667
						   6                   0.354167
						   7                   0.416667

						   Nodal Boundary Conditions
			   --------------------------------------------------
			   Node	  BC		Value 1		Value 2		
			   --------------------------------------------------
				1         EBC           150                           
				1         NBC                          0              

							  Applied Nodal Flux
						   -------------------------
						   Node	  Flux		   
						   -------------------------

								 Element Data
	   -----------------------------------------------------------------
	   Element   Type		   Int. Order	 List of Nodes ...		
	   -----------------------------------------------------------------
	   1		 C0-Linear	  2			  1	2	
	   2		 C0-Linear	  2			  2	3	
	   3		 C0-Quadratic   3			  3	4	5	
	   4		 C0-Quadratic   3			  5	6	7	

							   Element Properties
	 ----------------------------------------------------------------------
	 Element   Qty			x**2		   x			  constant	   
	 ----------------------------------------------------------------------
	1		  Alpha			0			  0			  0.0132093
			   Beta			 0			  0			  0.490874
			   f			 0			  0			  39.2699
	2		  Alpha			0			  0			  0.0132093
			   Beta			 0			  0			  0.490874
			   f			 0			  0			  39.2699
	3		  Alpha			0			  0			  0.0132093
			   Beta			 0			  0			  0.490874
			   f			 0			  0			  39.2699
	4		  Alpha			0			  0			  0.0132093
			   Beta			 0			  0			  0.490874
			   f			 0			  0			  39.2699

								  Nodal Values
					----------------------------------------
					Node	  Location	   Value		  
					----------------------------------------
					1			 0				150		  
					2			 0.0833333				122.386		  
					3			 0.166667				106.203		  
					4			 0.229167				98.8257		  
					5			 0.291667				94.2219		  
					6			 0.354167				91.7004		  
					7			 0.416667				90.9023		  

					Max and Min Nodal Values
					----------------------------------------
					Min Nodal Value: 90.9023 at Node 0.416667
					Max Nodal Value: 150 at Node 0
					----------------------------------------

								  Element Flux
					----------------------------------------
					Element   Location	   Flux		   
					----------------------------------------
					1			   0			  4.3771		  
					2			   0.0833333			  2.56531		  
					3			   0.166667			  0.779539		  
					4			   0.229167			  0.486503		  

					Max and Min Flux Values
					----------------------------------------
					Min Flux: 0.486503 at Location 0.229167
					Max Flux: 4.3771 at Location 0
					----------------------------------------


Error Measures:
----------------------------------------
Absolute Error (||R||): 7.24192
Relative Error (||R|| / ||F||): 0.272135
----------------------------------------
