		           1D Boundary Value Program         
		         Finite Elements for Engineers       
		          (c) 2025, S. CSYH                  
		              Version: 1.0. Rev: 1           
		---------------------------------------------

          DETAILS OF FINITE ELEMENT MODEL
          -------------------------------
               Number of Nodes: 0
            Number of Elements: 0

                                  Nodal Data
                           -------------------------
                           Node      X Coor         
                           -------------------------

                           Nodal Boundary Conditions
               --------------------------------------------------
               Node      BC        Value 1        Value 2        
               --------------------------------------------------

                              Applied Nodal Flux
                           -------------------------
                           Node      Flux           
                           -------------------------

                                 Element Data
       -----------------------------------------------------------------
       Element   Type           Int. Order     List of Nodes ...        
       -----------------------------------------------------------------

                               Element Properties
     ----------------------------------------------------------------------
     Element   Qty            x**2           x              constant       
     ----------------------------------------------------------------------

                                  Nodal Values
                    ----------------------------------------
                    Node      Location       Value          
                    ----------------------------------------

                                  Element Flux
                    ----------------------------------------
                    Element   Location       Flux           
                    ----------------------------------------

